# JRE version: OpenJDK Runtime Environment (8.0_242-b01) (build 1.8.0_242-release-1644-b01)
# Java VM: OpenJDK 64-Bit Server VM (25.242-b01 mixed mode windows-amd64 compressed oops)
Heap:
 PSYoungGen      total 420864K, used 384619K [0x00000000e0000000, 0x0000000100000000, 0x0000000100000000)
  eden space 334848K, 100% used [0x00000000e0000000,0x00000000f4700000,0x00000000f4700000)
  from space 86016K, 57% used [0x00000000f9c80000,0x00000000fcd1aea0,0x00000000ff080000)
  to   space 87552K, 51% used [0x00000000f4700000,0x00000000f7320e70,0x00000000f9c80000)
 ParOldGen       total 207360K, used 85233K [0x00000000a0000000, 0x00000000aca80000, 0x00000000e0000000)
  object space 207360K, 41% used [0x00000000a0000000,0x00000000a533c4f0,0x00000000aca80000)
 Metaspace       used 104854K, capacity 109336K, committed 109440K, reserved 1144832K
  class space    used 13429K, capacity 14422K, committed 14464K, reserved 1048576K
GC Heap History (10 events):
Event: 1280.239 GC heap after
Heap after GC invocations=24 (full 5):
 PSYoungGen      total 378880K, used 76270K [0x00000000e0000000, 0x0000000100000000, 0x0000000100000000)
  eden space 302592K, 0% used [0x00000000e0000000,0x00000000e0000000,0x00000000f2780000)
  from space 76288K, 99% used [0x00000000f2780000,0x00000000f71fbb80,0x00000000f7200000)
  to   space 95744K, 0% used [0x00000000fa280000,0x00000000fa280000,0x0000000100000000)
 ParOldGen       total 252928K, used 175300K [0x00000000a0000000, 0x00000000af700000, 0x00000000e0000000)
  object space 252928K, 69% used [0x00000000a0000000,0x00000000aab31038,0x00000000af700000)
 Metaspace       used 91294K, capacity 94480K, committed 94592K, reserved 1130496K
  class space    used 11846K, capacity 12604K, committed 12672K, reserved 1048576K
}
Event: 1290.625 GC heap before
{Heap before GC invocations=25 (full 5):
 PSYoungGen      total 378880K, used 378862K [0x00000000e0000000, 0x0000000100000000, 0x0000000100000000)
  eden space 302592K, 100% used [0x00000000e0000000,0x00000000f2780000,0x00000000f2780000)
  from space 76288K, 99% used [0x00000000f2780000,0x00000000f71fbb80,0x00000000f7200000)
  to   space 95744K, 0% used [0x00000000fa280000,0x00000000fa280000,0x0000000100000000)
 ParOldGen       total 252928K, used 175300K [0x00000000a0000000, 0x00000000af700000, 0x00000000e0000000)
  object space 252928K, 69% used [0x00000000a0000000,0x00000000aab31038,0x00000000af700000)
 Metaspace       used 92806K, capacity 96010K, committed 96256K, reserved 1132544K
  class space    used 11940K, capacity 12705K, committed 12800K, reserved 1048576K
Event: 1290.875 GC heap after
Heap after GC invocations=25 (full 5):
 PSYoungGen      total 432128K, used 17089K [0x00000000e0000000, 0x0000000100000000, 0x0000000100000000)
  eden space 336384K, 0% used [0x00000000e0000000,0x00000000e0000000,0x00000000f4880000)
  from space 95744K, 17% used [0x00000000fa280000,0x00000000fb330488,0x0000000100000000)
  to   space 92160K, 0% used [0x00000000f4880000,0x00000000f4880000,0x00000000fa280000)
 ParOldGen       total 252928K, used 238847K [0x00000000a0000000, 0x00000000af700000, 0x00000000e0000000)
  object space 252928K, 94% used [0x00000000a0000000,0x00000000ae93fea8,0x00000000af700000)
 Metaspace       used 92806K, capacity 96010K, committed 96256K, reserved 1132544K
  class space    used 11940K, capacity 12705K, committed 12800K, reserved 1048576K
}
Event: 1290.875 GC heap before
{Heap before GC invocations=26 (full 6):
 PSYoungGen      total 432128K, used 17089K [0x00000000e0000000, 0x0000000100000000, 0x0000000100000000)
  eden space 336384K, 0% used [0x00000000e0000000,0x00000000e0000000,0x00000000f4880000)
  from space 95744K, 17% used [0x00000000fa280000,0x00000000fb330488,0x0000000100000000)
  to   space 92160K, 0% used [0x00000000f4880000,0x00000000f4880000,0x00000000fa280000)
 ParOldGen       total 252928K, used 238847K [0x00000000a0000000, 0x00000000af700000, 0x00000000e0000000)
  object space 252928K, 94% used [0x00000000a0000000,0x00000000ae93fea8,0x00000000af700000)
 Metaspace       used 92806K, capacity 96010K, committed 96256K, reserved 1132544K
  class space    used 11940K, capacity 12705K, committed 12800K, reserved 1048576K
Event: 1291.559 GC heap after
Heap after GC invocations=26 (full 6):
 PSYoungGen      total 432128K, used 0K [0x00000000e0000000, 0x0000000100000000, 0x0000000100000000)
  eden space 336384K, 0% used [0x00000000e0000000,0x00000000e0000000,0x00000000f4880000)
  from space 95744K, 0% used [0x00000000fa280000,0x00000000fa280000,0x0000000100000000)
  to   space 92160K, 0% used [0x00000000f4880000,0x00000000f4880000,0x00000000fa280000)
 ParOldGen       total 207360K, used 85209K [0x00000000a0000000, 0x00000000aca80000, 0x00000000e0000000)
  object space 207360K, 41% used [0x00000000a0000000,0x00000000a53364f0,0x00000000aca80000)
 Metaspace       used 91694K, capacity 94860K, committed 96256K, reserved 1132544K
  class space    used 11841K, capacity 12598K, committed 12800K, reserved 1048576K
}
Event: 1343.888 GC heap before
{Heap before GC invocations=27 (full 6):
 PSYoungGen      total 432128K, used 336384K [0x00000000e0000000, 0x0000000100000000, 0x0000000100000000)
  eden space 336384K, 100% used [0x00000000e0000000,0x00000000f4880000,0x00000000f4880000)
  from space 95744K, 0% used [0x00000000fa280000,0x00000000fa280000,0x0000000100000000)
  to   space 92160K, 0% used [0x00000000f4880000,0x00000000f4880000,0x00000000fa280000)
 ParOldGen       total 207360K, used 85209K [0x00000000a0000000, 0x00000000aca80000, 0x00000000e0000000)
  object space 207360K, 41% used [0x00000000a0000000,0x00000000a53364f0,0x00000000aca80000)
 Metaspace       used 101716K, capacity 105776K, committed 105984K, reserved 1140736K
  class space    used 13082K, capacity 13986K, committed 14080K, reserved 1048576K
Event: 1343.924 GC heap after
Heap after GC invocations=27 (full 6):
 PSYoungGen      total 368640K, used 31856K [0x00000000e0000000, 0x00000000ff080000, 0x0000000100000000)
  eden space 336384K, 0% used [0x00000000e0000000,0x00000000e0000000,0x00000000f4880000)
  from space 32256K, 98% used [0x00000000f4880000,0x00000000f679c220,0x00000000f6800000)
  to   space 86016K, 0% used [0x00000000f9c80000,0x00000000f9c80000,0x00000000ff080000)
 ParOldGen       total 207360K, used 85217K [0x00000000a0000000, 0x00000000aca80000, 0x00000000e0000000)
  object space 207360K, 41% used [0x00000000a0000000,0x00000000a53384f0,0x00000000aca80000)
 Metaspace       used 101716K, capacity 105776K, committed 105984K, reserved 1140736K
  class space    used 13082K, capacity 13986K, committed 14080K, reserved 1048576K
}
Event: 1352.305 GC heap before
{Heap before GC invocations=28 (full 6):
 PSYoungGen      total 368640K, used 368240K [0x00000000e0000000, 0x00000000ff080000, 0x0000000100000000)
  eden space 336384K, 100% used [0x00000000e0000000,0x00000000f4880000,0x00000000f4880000)
  from space 32256K, 98% used [0x00000000f4880000,0x00000000f679c220,0x00000000f6800000)
  to   space 86016K, 0% used [0x00000000f9c80000,0x00000000f9c80000,0x00000000ff080000)
 ParOldGen       total 207360K, used 85217K [0x00000000a0000000, 0x00000000aca80000, 0x00000000e0000000)
  object space 207360K, 41% used [0x00000000a0000000,0x00000000a53384f0,0x00000000aca80000)
 Metaspace       used 103373K, capacity 107622K, committed 107904K, reserved 1142784K
  class space    used 13252K, capacity 14173K, committed 14208K, reserved 1048576K
Event: 1352.351 GC heap after
Heap after GC invocations=28 (full 6):
 PSYoungGen      total 420864K, used 49771K [0x00000000e0000000, 0x0000000100000000, 0x0000000100000000)
  eden space 334848K, 0% used [0x00000000e0000000,0x00000000e0000000,0x00000000f4700000)
  from space 86016K, 57% used [0x00000000f9c80000,0x00000000fcd1aea0,0x00000000ff080000)
  to   space 87552K, 0% used [0x00000000f4700000,0x00000000f4700000,0x00000000f9c80000)
 ParOldGen       total 207360K, used 85225K [0x00000000a0000000, 0x00000000aca80000, 0x00000000e0000000)
  object space 207360K, 41% used [0x00000000a0000000,0x00000000a533a4f0,0x00000000aca80000)
 Metaspace       used 103373K, capacity 107622K, committed 107904K, reserved 1142784K
  class space    used 13252K, capacity 14173K, committed 14208K, reserved 1048576K
}
Event: 3966.386 GC heap before
{Heap before GC invocations=29 (full 6):
 PSYoungGen      total 420864K, used 384619K [0x00000000e0000000, 0x0000000100000000, 0x0000000100000000)
  eden space 334848K, 100% used [0x00000000e0000000,0x00000000f4700000,0x00000000f4700000)
  from space 86016K, 57% used [0x00000000f9c80000,0x00000000fcd1aea0,0x00000000ff080000)
  to   space 87552K, 0% used [0x00000000f4700000,0x00000000f4700000,0x00000000f9c80000)
 ParOldGen       total 207360K, used 85225K [0x00000000a0000000, 0x00000000aca80000, 0x00000000e0000000)
  object space 207360K, 41% used [0x00000000a0000000,0x00000000a533a4f0,0x00000000aca80000)
 Metaspace       used 104854K, capacity 109336K, committed 109440K, reserved 1144832K
  class space    used 13429K, capacity 14422K, committed 14464K, reserved 1048576K

